ERROR:root:ZeroDivisionError
Traceback (most recent call last):
  File "/tmp/ipykernel_4516/769244530.py", line 2, in <module>
    1/0
    ~^~
ZeroDivisionError: division by zero
ERROR:root:ZeroDivisionError
Traceback (most recent call last):
  File "/tmp/ipykernel_4516/769244530.py", line 2, in <module>
    1/0
    ~^~
ZeroDivisionError: division by zero
ERROR:root:ZeroDivisionError
Traceback (most recent call last):
  File "/tmp/ipykernel_4516/1171463990.py", line 2, in <module>
    1/0
    ~^~
ZeroDivisionError: division by zero
ERROR:root:ZeroDivisionError
Traceback (most recent call last):
  File "/tmp/ipykernel_4516/8376821.py", line 2, in <module>
    1 / 0
    ~~^~~
ZeroDivisionError: division by zero
ERROR:Comm:No such comm target registered: jupyter.widget.control
ERROR:Comm:No such comm target registered: jupyter.widget.control
ERROR:root:Oh noes!  Brad created an error!
ERROR:root:ZeroDivisionError
Traceback (most recent call last):
  File "/tmp/ipykernel_89833/8376821.py", line 2, in <module>
    1 / 0
    ~~^~~
ZeroDivisionError: division by zero
ERROR:root:Oh noes!  Brad created an error!
ERROR:root:ZeroDivisionError
Traceback (most recent call last):
  File "/tmp/ipykernel_4776/8376821.py", line 2, in <module>
    1 / 0
    ~~^~~
ZeroDivisionError: division by zero
ERROR:root:Oh noes!  Brad created an error!
ERROR:root:ZeroDivisionError
Traceback (most recent call last):
  File "/tmp/ipykernel_7733/8376821.py", line 2, in <module>
    1 / 0
    ~~^~~
ZeroDivisionError: division by zero
ERROR:root:Oh noes!  Brad created an error!
ERROR:root:ZeroDivisionError
Traceback (most recent call last):
  File "/tmp/ipykernel_9190/8376821.py", line 2, in <module>
    1 / 0
    ~~^~~
ZeroDivisionError: division by zero
ERROR:root:Oh noes!  Brad created an error!
ERROR:root:ZeroDivisionError
Traceback (most recent call last):
  File "/tmp/ipykernel_10298/8376821.py", line 2, in <module>
    1 / 0
    ~~^~~
ZeroDivisionError: division by zero
ERROR:root:Oh noes!  Brad created an error!
ERROR:root:ZeroDivisionError
Traceback (most recent call last):
  File "/tmp/ipykernel_11577/8376821.py", line 2, in <module>
    1 / 0
    ~~^~~
ZeroDivisionError: division by zero
ERROR:root:Oh noes!  Brad created an error!
ERROR:root:ZeroDivisionError
Traceback (most recent call last):
  File "/tmp/ipykernel_3042/8376821.py", line 2, in <module>
    1 / 0
    ~~^~~
ZeroDivisionError: division by zero
ERROR:root:Oh noes!  Brad created an error!
ERROR:root:ZeroDivisionError
Traceback (most recent call last):
  File "/tmp/ipykernel_4806/8376821.py", line 2, in <module>
    1 / 0
    ~~^~~
ZeroDivisionError: division by zero
ERROR:root:Oh noes!  Brad created an error!
ERROR:root:ZeroDivisionError
Traceback (most recent call last):
  File "/tmp/ipykernel_6194/8376821.py", line 2, in <module>
    1 / 0
    ~~^~~
ZeroDivisionError: division by zero
ERROR:root:Oh noes!  Brad created an error!
ERROR:root:ZeroDivisionError
Traceback (most recent call last):
  File "/tmp/ipykernel_7940/8376821.py", line 2, in <module>
    1 / 0
    ~~^~~
ZeroDivisionError: division by zero
ERROR:root:Oh noes!  Brad created an error!
ERROR:root:ZeroDivisionError
Traceback (most recent call last):
  File "/tmp/ipykernel_9090/8376821.py", line 2, in <module>
    1 / 0
    ~~^~~
ZeroDivisionError: division by zero
ERROR:root:Oh noes!  Brad created an error!
ERROR:root:ZeroDivisionError
Traceback (most recent call last):
  File "/tmp/ipykernel_10270/8376821.py", line 2, in <module>
    1 / 0
    ~~^~~
ZeroDivisionError: division by zero
ERROR:root:Oh noes!  Brad created an error!
ERROR:root:ZeroDivisionError
Traceback (most recent call last):
  File "/tmp/ipykernel_11357/8376821.py", line 2, in <module>
    1 / 0
    ~~^~~
ZeroDivisionError: division by zero
ERROR:root:Oh noes!  Brad created an error!
ERROR:root:ZeroDivisionError
Traceback (most recent call last):
  File "/tmp/ipykernel_13029/8376821.py", line 2, in <module>
    1 / 0
    ~~^~~
ZeroDivisionError: division by zero
ERROR:root:Oh noes!  Brad created an error!
ERROR:root:ZeroDivisionError
Traceback (most recent call last):
  File "/tmp/ipykernel_14786/8376821.py", line 2, in <module>
    1 / 0
    ~~^~~
ZeroDivisionError: division by zero
ERROR:root:Oh noes!  Brad created an error!
ERROR:root:ZeroDivisionError
Traceback (most recent call last):
  File "/tmp/ipykernel_16082/8376821.py", line 2, in <module>
    1 / 0
    ~~^~~
ZeroDivisionError: division by zero
ERROR:root:Oh noes!  Brad created an error!
ERROR:root:ZeroDivisionError
Traceback (most recent call last):
  File "/tmp/ipykernel_17457/8376821.py", line 2, in <module>
    1 / 0
    ~~^~~
ZeroDivisionError: division by zero
ERROR:root:Oh noes!  Brad created an error!
ERROR:root:ZeroDivisionError
Traceback (most recent call last):
  File "/tmp/ipykernel_18598/8376821.py", line 2, in <module>
    1 / 0
    ~~^~~
ZeroDivisionError: division by zero
ERROR:root:Oh noes!  Brad created an error!
ERROR:root:ZeroDivisionError
Traceback (most recent call last):
  File "/tmp/ipykernel_19848/8376821.py", line 2, in <module>
    1 / 0
    ~~^~~
ZeroDivisionError: division by zero
ERROR:root:Oh noes!  Brad created an error!
ERROR:root:ZeroDivisionError
Traceback (most recent call last):
  File "/tmp/ipykernel_20851/8376821.py", line 2, in <module>
    1 / 0
    ~~^~~
ZeroDivisionError: division by zero
